<?xml version="1.0" encoding="UTF-8"?>
<!-- Generated by org.testng.reporters.JUnitXMLReporter -->
<testsuite hostname="LAPTOP-MKHIF20I" ignored="0" name="Rest Assured testing Test" tests="8" failures="1" timestamp="25 Feb 2017 13:12:01 GMT" time="8.567" errors="0">
  <testcase name="authTestCase" time="4.285" classname="com.debarnab.restAssured.Testing.restAPITesting"/>
  <testcase name="getAllList" time="0.566" classname="com.debarnab.restAssured.Testing.restAPITesting"/>
  <testcase name="createList" time="1.357" classname="com.debarnab.restAssured.Testing.restAPITesting"/>
  <testcase name="verifyAddedList" time="0.564" classname="com.debarnab.restAssured.Testing.restAPITesting"/>
  <testcase name="queryASpecificList" time="0.405" classname="com.debarnab.restAssured.Testing.restAPITesting"/>
  <testcase name="deleteAList" time="0.434" classname="com.debarnab.restAssured.Testing.restAPITesting"/>
  <testcase name="updateAList" time="0.382" classname="com.debarnab.restAssured.Testing.restAPITesting">
    <failure type="java.lang.AssertionError" message="1 expectation failed.
Expected status code &amp;lt;200&amp;gt; doesn&amp;apos;t match actual status code &amp;lt;400&amp;gt;.
">
      <![CDATA[java.lang.AssertionError: 1 expectation failed.
Expected status code <200> doesn't match actual status code <400>.

	at org.codehaus.groovy.runtime.callsite.ConstructorSite$ConstructorSiteNoUnwrap.callConstructor(ConstructorSite.java:84)
	at org.codehaus.groovy.runtime.callsite.CallSiteArray.defaultCallConstructor(CallSiteArray.java:60)
	at org.codehaus.groovy.runtime.callsite.AbstractCallSite.callConstructor(AbstractCallSite.java:235)
	at org.codehaus.groovy.runtime.callsite.AbstractCallSite.callConstructor(AbstractCallSite.java:247)
	at com.jayway.restassured.internal.ResponseSpecificationImpl$HamcrestAssertionClosure.validate(ResponseSpecificationImpl.groovy:598)
	at com.jayway.restassured.internal.ResponseSpecificationImpl$HamcrestAssertionClosure$validate$1.call(Unknown Source)
	at com.jayway.restassured.internal.ResponseSpecificationImpl.validateResponseIfRequired(ResponseSpecificationImpl.groovy:760)
	at org.codehaus.groovy.runtime.callsite.PogoMetaMethodSite$PogoCachedMethodSiteNoUnwrapNoCoerce.invoke(PogoMetaMethodSite.java:210)
	at org.codehaus.groovy.runtime.callsite.PogoMetaMethodSite.callCurrent(PogoMetaMethodSite.java:59)
	at org.codehaus.groovy.runtime.callsite.AbstractCallSite.callCurrent(AbstractCallSite.java:166)
	at com.jayway.restassured.internal.ResponseSpecificationImpl.statusCode(ResponseSpecificationImpl.groovy:120)
	at com.jayway.restassured.specification.ResponseSpecification$statusCode$0.callCurrent(Unknown Source)
	at com.jayway.restassured.internal.ResponseSpecificationImpl.statusCode(ResponseSpecificationImpl.groovy:128)
	at com.jayway.restassured.internal.ValidatableResponseOptionsImpl.statusCode(ValidatableResponseOptionsImpl.java:117)
	at com.debarnab.restAssured.Testing.restAPITesting.updateAList(restAPITesting.java:170)
... Removed 38 stack frames]]>
    </failure>
  </testcase> <!-- updateAList -->
  <testcase name="validateDeletedList" time="0.486" classname="com.debarnab.restAssured.Testing.restAPITesting"/>
</testsuite> <!-- Rest Assured testing Test -->
