<?xml version="1.0" encoding="UTF-8"?>
<testng-results skipped="0" failed="1" ignored="0" total="8" passed="7">
  <reporter-output>
  </reporter-output>
  <suite name="Rest Assured testing" duration-ms="8567" started-at="2017-02-25T13:11:53Z" finished-at="2017-02-25T13:12:01Z">
    <groups>
    </groups>
    <test name="Rest Assured testing Test" duration-ms="8567" started-at="2017-02-25T13:11:53Z" finished-at="2017-02-25T13:12:01Z">
      <class name="com.debarnab.restAssured.Testing.restAPITesting">
        <test-method status="PASS" signature="authTestCase()[pri:0, instance:com.debarnab.restAssured.Testing.restAPITesting@c818063]" name="authTestCase" duration-ms="4285" started-at="2017-02-25T14:11:53Z" finished-at="2017-02-25T14:11:57Z">
          <reporter-output>
          </reporter-output>
        </test-method> <!-- authTestCase -->
        <test-method status="PASS" signature="getAllList()[pri:0, instance:com.debarnab.restAssured.Testing.restAPITesting@c818063]" name="getAllList" duration-ms="566" started-at="2017-02-25T14:11:57Z" depends-on-methods="com.debarnab.restAssured.Testing.restAPITesting.authTestCase" finished-at="2017-02-25T14:11:58Z">
          <reporter-output>
          </reporter-output>
        </test-method> <!-- getAllList -->
        <test-method status="PASS" signature="createList()[pri:0, instance:com.debarnab.restAssured.Testing.restAPITesting@c818063]" name="createList" duration-ms="1357" started-at="2017-02-25T14:11:58Z" depends-on-methods="com.debarnab.restAssured.Testing.restAPITesting.getAllList" finished-at="2017-02-25T14:11:59Z">
          <reporter-output>
          </reporter-output>
        </test-method> <!-- createList -->
        <test-method status="PASS" signature="verifyAddedList()[pri:0, instance:com.debarnab.restAssured.Testing.restAPITesting@c818063]" name="verifyAddedList" duration-ms="564" started-at="2017-02-25T14:11:59Z" depends-on-methods="com.debarnab.restAssured.Testing.restAPITesting.createList" finished-at="2017-02-25T14:11:59Z">
          <reporter-output>
          </reporter-output>
        </test-method> <!-- verifyAddedList -->
        <test-method status="PASS" signature="queryASpecificList()[pri:0, instance:com.debarnab.restAssured.Testing.restAPITesting@c818063]" name="queryASpecificList" duration-ms="405" started-at="2017-02-25T14:11:59Z" depends-on-methods="com.debarnab.restAssured.Testing.restAPITesting.verifyAddedList" finished-at="2017-02-25T14:12:00Z">
          <reporter-output>
          </reporter-output>
        </test-method> <!-- queryASpecificList -->
        <test-method status="PASS" signature="deleteAList()[pri:0, instance:com.debarnab.restAssured.Testing.restAPITesting@c818063]" name="deleteAList" duration-ms="434" started-at="2017-02-25T14:12:00Z" depends-on-methods="com.debarnab.restAssured.Testing.restAPITesting.queryASpecificList" finished-at="2017-02-25T14:12:00Z">
          <reporter-output>
          </reporter-output>
        </test-method> <!-- deleteAList -->
        <test-method status="FAIL" signature="updateAList()[pri:0, instance:com.debarnab.restAssured.Testing.restAPITesting@c818063]" name="updateAList" duration-ms="382" started-at="2017-02-25T14:12:00Z" depends-on-methods="com.debarnab.restAssured.Testing.restAPITesting.queryASpecificList" finished-at="2017-02-25T14:12:01Z">
          <exception class="java.lang.AssertionError">
            <message>
              <![CDATA[1 expectation failed.
Expected status code <200> doesn't match actual status code <400>.
]]>
            </message>
            <full-stacktrace>
              <![CDATA[java.lang.AssertionError: 1 expectation failed.
Expected status code <200> doesn't match actual status code <400>.

	at sun.reflect.NativeConstructorAccessorImpl.newInstance0(Native Method)
	at sun.reflect.NativeConstructorAccessorImpl.newInstance(NativeConstructorAccessorImpl.java:62)
	at sun.reflect.DelegatingConstructorAccessorImpl.newInstance(DelegatingConstructorAccessorImpl.java:45)
	at java.lang.reflect.Constructor.newInstance(Constructor.java:423)
	at org.codehaus.groovy.reflection.CachedConstructor.invoke(CachedConstructor.java:83)
	at org.codehaus.groovy.reflection.CachedConstructor.doConstructorInvoke(CachedConstructor.java:77)
	at org.codehaus.groovy.runtime.callsite.ConstructorSite$ConstructorSiteNoUnwrap.callConstructor(ConstructorSite.java:84)
	at org.codehaus.groovy.runtime.callsite.CallSiteArray.defaultCallConstructor(CallSiteArray.java:60)
	at org.codehaus.groovy.runtime.callsite.AbstractCallSite.callConstructor(AbstractCallSite.java:235)
	at org.codehaus.groovy.runtime.callsite.AbstractCallSite.callConstructor(AbstractCallSite.java:247)
	at com.jayway.restassured.internal.ResponseSpecificationImpl$HamcrestAssertionClosure.validate(ResponseSpecificationImpl.groovy:598)
	at com.jayway.restassured.internal.ResponseSpecificationImpl$HamcrestAssertionClosure$validate$1.call(Unknown Source)
	at com.jayway.restassured.internal.ResponseSpecificationImpl.validateResponseIfRequired(ResponseSpecificationImpl.groovy:760)
	at sun.reflect.NativeMethodAccessorImpl.invoke0(Native Method)
	at sun.reflect.NativeMethodAccessorImpl.invoke(NativeMethodAccessorImpl.java:62)
	at sun.reflect.DelegatingMethodAccessorImpl.invoke(DelegatingMethodAccessorImpl.java:43)
	at java.lang.reflect.Method.invoke(Method.java:498)
	at org.codehaus.groovy.runtime.callsite.PogoMetaMethodSite$PogoCachedMethodSiteNoUnwrapNoCoerce.invoke(PogoMetaMethodSite.java:210)
	at org.codehaus.groovy.runtime.callsite.PogoMetaMethodSite.callCurrent(PogoMetaMethodSite.java:59)
	at org.codehaus.groovy.runtime.callsite.AbstractCallSite.callCurrent(AbstractCallSite.java:166)
	at com.jayway.restassured.internal.ResponseSpecificationImpl.statusCode(ResponseSpecificationImpl.groovy:120)
	at com.jayway.restassured.specification.ResponseSpecification$statusCode$0.callCurrent(Unknown Source)
	at com.jayway.restassured.internal.ResponseSpecificationImpl.statusCode(ResponseSpecificationImpl.groovy:128)
	at com.jayway.restassured.internal.ValidatableResponseOptionsImpl.statusCode(ValidatableResponseOptionsImpl.java:117)
	at com.debarnab.restAssured.Testing.restAPITesting.updateAList(restAPITesting.java:170)
	at sun.reflect.NativeMethodAccessorImpl.invoke0(Native Method)
	at sun.reflect.NativeMethodAccessorImpl.invoke(NativeMethodAccessorImpl.java:62)
	at sun.reflect.DelegatingMethodAccessorImpl.invoke(DelegatingMethodAccessorImpl.java:43)
	at java.lang.reflect.Method.invoke(Method.java:498)
	at org.testng.internal.MethodInvocationHelper.invokeMethod(MethodInvocationHelper.java:104)
	at org.testng.internal.Invoker.invokeMethod(Invoker.java:645)
	at org.testng.internal.Invoker.invokeTestMethod(Invoker.java:851)
	at org.testng.internal.Invoker.invokeTestMethods(Invoker.java:1177)
	at org.testng.internal.TestMethodWorker.invokeTestMethods(TestMethodWorker.java:129)
	at org.testng.internal.TestMethodWorker.run(TestMethodWorker.java:112)
	at org.testng.TestRunner.privateRun(TestRunner.java:756)
	at org.testng.TestRunner.run(TestRunner.java:610)
	at org.testng.SuiteRunner.runTest(SuiteRunner.java:387)
	at org.testng.SuiteRunner.runSequentially(SuiteRunner.java:382)
	at org.testng.SuiteRunner.privateRun(SuiteRunner.java:340)
	at org.testng.SuiteRunner.run(SuiteRunner.java:289)
	at org.testng.SuiteRunnerWorker.runSuite(SuiteRunnerWorker.java:52)
	at org.testng.SuiteRunnerWorker.run(SuiteRunnerWorker.java:86)
	at org.testng.TestNG.runSuitesSequentially(TestNG.java:1293)
	at org.testng.TestNG.runSuitesLocally(TestNG.java:1218)
	at org.testng.TestNG.runSuites(TestNG.java:1133)
	at org.testng.TestNG.run(TestNG.java:1104)
	at org.apache.maven.surefire.testng.TestNGExecutor.run(TestNGExecutor.java:295)
	at org.apache.maven.surefire.testng.TestNGXmlTestSuite.execute(TestNGXmlTestSuite.java:84)
	at org.apache.maven.surefire.testng.TestNGProvider.invoke(TestNGProvider.java:90)
	at org.apache.maven.surefire.booter.ForkedBooter.invokeProviderInSameClassLoader(ForkedBooter.java:203)
	at org.apache.maven.surefire.booter.ForkedBooter.runSuitesInProcess(ForkedBooter.java:155)
	at org.apache.maven.surefire.booter.ForkedBooter.main(ForkedBooter.java:103)
]]>
            </full-stacktrace>
          </exception> <!-- java.lang.AssertionError -->
          <reporter-output>
          </reporter-output>
        </test-method> <!-- updateAList -->
        <test-method status="PASS" signature="validateDeletedList()[pri:0, instance:com.debarnab.restAssured.Testing.restAPITesting@c818063]" name="validateDeletedList" duration-ms="486" started-at="2017-02-25T14:12:01Z" depends-on-methods="com.debarnab.restAssured.Testing.restAPITesting.queryASpecificList" finished-at="2017-02-25T14:12:01Z">
          <reporter-output>
          </reporter-output>
        </test-method> <!-- validateDeletedList -->
      </class> <!-- com.debarnab.restAssured.Testing.restAPITesting -->
    </test> <!-- Rest Assured testing Test -->
  </suite> <!-- Rest Assured testing -->
</testng-results>
